# JRE version: OpenJDK Runtime Environment Temurin-17.0.4.1+1 (17.0.4.1+1) (build 17.0.4.1+1)
# Java VM: OpenJDK 64-Bit Server VM Temurin-17.0.4.1+1 (17.0.4.1+1, mixed mode, sharing, tiered, compressed oops, compressed class ptrs, g1 gc, windows-amd64)
GC Precious Log:
 CPUs: 16 total, 16 available
 Memory: 23983M
 Large Page Support: Disabled
 NUMA Support: Disabled
 Compressed Oops: Enabled (Zero based)
 Heap Region Size: 4M
 Heap Min Capacity: 8M
 Heap Initial Capacity: 376M
 Heap Max Capacity: 5996M
 Pre-touch: Disabled
 Parallel Workers: 13
 Concurrent Workers: 3
 Concurrent Refinement Workers: 13
 Periodic GC: Disabled
Heap:
 garbage-first heap   total 98304K, used 33750K [0x0000000689400000, 0x0000000800000000)
  region size 4096K, 2 young (8192K), 1 survivors (4096K)
 Metaspace       used 77908K, committed 78528K, reserved 1122304K
  class space    used 9931K, committed 10240K, reserved 1048576K
GC Heap History (20 events):
Event: 7.367 GC heap before
{Heap before GC invocations=13 (full 0):
 garbage-first heap   total 229376K, used 43553K [0x0000000689400000, 0x0000000800000000)
  region size 4096K, 7 young (28672K), 1 survivors (4096K)
 Metaspace       used 59760K, committed 60160K, reserved 1105920K
  class space    used 8078K, committed 8256K, reserved 1048576K
}
Event: 7.375 GC heap after
{Heap after GC invocations=14 (full 0):
 garbage-first heap   total 229376K, used 24442K [0x0000000689400000, 0x0000000800000000)
  region size 4096K, 1 young (4096K), 1 survivors (4096K)
 Metaspace       used 59760K, committed 60160K, reserved 1105920K
  class space    used 8078K, committed 8256K, reserved 1048576K
}
Event: 8.958 GC heap before
{Heap before GC invocations=15 (full 0):
 garbage-first heap   total 98304K, used 85882K [0x0000000689400000, 0x0000000800000000)
  region size 4096K, 16 young (65536K), 1 survivors (4096K)
 Metaspace       used 65414K, committed 65920K, reserved 1105920K
  class space    used 8880K, committed 9152K, reserved 1048576K
}
Event: 8.965 GC heap after
{Heap after GC invocations=16 (full 0):
 garbage-first heap   total 98304K, used 28670K [0x0000000689400000, 0x0000000800000000)
  region size 4096K, 2 young (8192K), 2 survivors (8192K)
 Metaspace       used 65414K, committed 65920K, reserved 1105920K
  class space    used 8880K, committed 9152K, reserved 1048576K
}
Event: 959.803 GC heap before
{Heap before GC invocations=16 (full 0):
 garbage-first heap   total 98304K, used 73726K [0x0000000689400000, 0x0000000800000000)
  region size 4096K, 13 young (53248K), 2 survivors (8192K)
 Metaspace       used 73514K, committed 74048K, reserved 1114112K
  class space    used 9893K, committed 10176K, reserved 1048576K
}
Event: 959.813 GC heap after
{Heap after GC invocations=17 (full 0):
 garbage-first heap   total 98304K, used 31063K [0x0000000689400000, 0x0000000800000000)
  region size 4096K, 1 young (4096K), 1 survivors (4096K)
 Metaspace       used 73514K, committed 74048K, reserved 1114112K
  class space    used 9893K, committed 10176K, reserved 1048576K
}
Event: 1054.176 GC heap before
{Heap before GC invocations=17 (full 0):
 garbage-first heap   total 98304K, used 72023K [0x0000000689400000, 0x0000000800000000)
  region size 4096K, 11 young (45056K), 1 survivors (4096K)
 Metaspace       used 75473K, committed 76032K, reserved 1122304K
  class space    used 9927K, committed 10240K, reserved 1048576K
}
Event: 1054.180 GC heap after
{Heap after GC invocations=18 (full 0):
 garbage-first heap   total 98304K, used 31374K [0x0000000689400000, 0x0000000800000000)
  region size 4096K, 1 young (4096K), 1 survivors (4096K)
 Metaspace       used 75473K, committed 76032K, reserved 1122304K
  class space    used 9927K, committed 10240K, reserved 1048576K
}
Event: 1058.218 GC heap before
{Heap before GC invocations=18 (full 0):
 garbage-first heap   total 98304K, used 76430K [0x0000000689400000, 0x0000000800000000)
  region size 4096K, 12 young (49152K), 1 survivors (4096K)
 Metaspace       used 76272K, committed 76928K, reserved 1122304K
  class space    used 9930K, committed 10240K, reserved 1048576K
}
Event: 1058.224 GC heap after
{Heap after GC invocations=19 (full 0):
 garbage-first heap   total 98304K, used 31450K [0x0000000689400000, 0x0000000800000000)
  region size 4096K, 1 young (4096K), 1 survivors (4096K)
 Metaspace       used 76272K, committed 76928K, reserved 1122304K
  class space    used 9930K, committed 10240K, reserved 1048576K
}
Event: 1060.742 GC heap before
{Heap before GC invocations=19 (full 0):
 garbage-first heap   total 98304K, used 76506K [0x0000000689400000, 0x0000000800000000)
  region size 4096K, 12 young (49152K), 1 survivors (4096K)
 Metaspace       used 77003K, committed 77632K, reserved 1122304K
  class space    used 9931K, committed 10240K, reserved 1048576K
}
Event: 1060.748 GC heap after
{Heap after GC invocations=20 (full 0):
 garbage-first heap   total 98304K, used 32501K [0x0000000689400000, 0x0000000800000000)
  region size 4096K, 2 young (8192K), 2 survivors (8192K)
 Metaspace       used 77003K, committed 77632K, reserved 1122304K
  class space    used 9931K, committed 10240K, reserved 1048576K
}
Event: 1061.880 GC heap before
{Heap before GC invocations=20 (full 0):
 garbage-first heap   total 98304K, used 73461K [0x0000000689400000, 0x0000000800000000)
  region size 4096K, 12 young (49152K), 2 survivors (8192K)
 Metaspace       used 77169K, committed 77760K, reserved 1122304K
  class space    used 9931K, committed 10240K, reserved 1048576K
}
Event: 1061.887 GC heap after
{Heap after GC invocations=21 (full 0):
 garbage-first heap   total 98304K, used 33310K [0x0000000689400000, 0x0000000800000000)
  region size 4096K, 2 young (8192K), 2 survivors (8192K)
 Metaspace       used 77169K, committed 77760K, reserved 1122304K
  class space    used 9931K, committed 10240K, reserved 1048576K
}
Event: 1062.917 GC heap before
{Heap before GC invocations=21 (full 0):
 garbage-first heap   total 98304K, used 74270K [0x0000000689400000, 0x0000000800000000)
  region size 4096K, 12 young (49152K), 2 survivors (8192K)
 Metaspace       used 77439K, committed 78080K, reserved 1122304K
  class space    used 9931K, committed 10240K, reserved 1048576K
}
Event: 1062.924 GC heap after
{Heap after GC invocations=22 (full 0):
 garbage-first heap   total 98304K, used 33786K [0x0000000689400000, 0x0000000800000000)
  region size 4096K, 1 young (4096K), 1 survivors (4096K)
 Metaspace       used 77439K, committed 78080K, reserved 1122304K
  class space    used 9931K, committed 10240K, reserved 1048576K
}
Event: 1064.332 GC heap before
{Heap before GC invocations=22 (full 0):
 garbage-first heap   total 98304K, used 70650K [0x0000000689400000, 0x0000000800000000)
  region size 4096K, 11 young (45056K), 1 survivors (4096K)
 Metaspace       used 77734K, committed 78336K, reserved 1122304K
  class space    used 9931K, committed 10240K, reserved 1048576K
}
Event: 1064.337 GC heap after
{Heap after GC invocations=23 (full 0):
 garbage-first heap   total 98304K, used 33633K [0x0000000689400000, 0x0000000800000000)
  region size 4096K, 1 young (4096K), 1 survivors (4096K)
 Metaspace       used 77734K, committed 78336K, reserved 1122304K
  class space    used 9931K, committed 10240K, reserved 1048576K
}
Event: 1066.158 GC heap before
{Heap before GC invocations=23 (full 0):
 garbage-first heap   total 98304K, used 74593K [0x0000000689400000, 0x0000000800000000)
  region size 4096K, 12 young (49152K), 1 survivors (4096K)
 Metaspace       used 77908K, committed 78528K, reserved 1122304K
  class space    used 9931K, committed 10240K, reserved 1048576K
}
Event: 1066.164 GC heap after
{Heap after GC invocations=24 (full 0):
 garbage-first heap   total 98304K, used 33750K [0x0000000689400000, 0x0000000800000000)
  region size 4096K, 1 young (4096K), 1 survivors (4096K)
 Metaspace       used 77908K, committed 78528K, reserved 1122304K
  class space    used 9931K, committed 10240K, reserved 1048576K
}

