# JRE version: OpenJDK Runtime Environment Temurin-17.0.6+10 (17.0.6+10) (build 17.0.6+10)
# Java VM: OpenJDK 64-Bit Server VM Temurin-17.0.6+10 (17.0.6+10, mixed mode, tiered, compressed oops, compressed class ptrs, parallel gc, windows-amd64)
GC Precious Log:
 CPUs: 16 total, 16 available
 Memory: 23983M
 Large Page Support: Disabled
 NUMA Support: Disabled
 Compressed Oops: Enabled (32-bit)
 Alignments: Space 512K, Generation 512K, Heap 2M
 Heap Min Capacity: 100M
 Heap Initial Capacity: 100M
 Heap Max Capacity: 1G
 Pre-touch: Disabled
 Parallel Workers: 13
Heap:
 PSYoungGen      total 16384K, used 7672K [0x00000000eab00000, 0x00000000ebf80000, 0x0000000100000000)
  eden space 14848K, 41% used [0x00000000eab00000,0x00000000eb0fe3f0,0x00000000eb980000)
  from space 1536K, 100% used [0x00000000ebc00000,0x00000000ebd80000,0x00000000ebd80000)
  to   space 2560K, 0% used [0x00000000eb980000,0x00000000eb980000,0x00000000ebc00000)
 ParOldGen       total 83456K, used 57611K [0x00000000c0000000, 0x00000000c5180000, 0x00000000eab00000)
  object space 83456K, 69% used [0x00000000c0000000,0x00000000c3842fa8,0x00000000c5180000)
 Metaspace       used 67656K, committed 68800K, reserved 1114112K
  class space    used 7042K, committed 7552K, reserved 1048576K
GC Heap History (20 events):
Event: 25.057 GC heap before
{Heap before GC invocations=42 (full 3):
 PSYoungGen      total 17408K, used 17378K [0x00000000eab00000, 0x00000000ec480000, 0x0000000100000000)
  eden space 15872K, 100% used [0x00000000eab00000,0x00000000eba80000,0x00000000eba80000)
  from space 1536K, 98% used [0x00000000ebf00000,0x00000000ec078bd0,0x00000000ec080000)
  to   space 4608K, 0% used [0x00000000eba80000,0x00000000eba80000,0x00000000ebf00000)
 ParOldGen       total 68608K, used 57664K [0x00000000c0000000, 0x00000000c4300000, 0x00000000eab00000)
  object space 68608K, 84% used [0x00000000c0000000,0x00000000c3850240,0x00000000c4300000)
 Metaspace       used 64087K, committed 65216K, reserved 1114112K
  class space    used 6739K, committed 7296K, reserved 1048576K
}
Event: 25.060 GC heap after
{Heap after GC invocations=42 (full 3):
 PSYoungGen      total 18944K, used 2604K [0x00000000eab00000, 0x00000000ec080000, 0x0000000100000000)
  eden space 15872K, 0% used [0x00000000eab00000,0x00000000eab00000,0x00000000eba80000)
  from space 3072K, 84% used [0x00000000eba80000,0x00000000ebd0b2e8,0x00000000ebd80000)
  to   space 3072K, 0% used [0x00000000ebd80000,0x00000000ebd80000,0x00000000ec080000)
 ParOldGen       total 68608K, used 59156K [0x00000000c0000000, 0x00000000c4300000, 0x00000000eab00000)
  object space 68608K, 86% used [0x00000000c0000000,0x00000000c39c5390,0x00000000c4300000)
 Metaspace       used 64087K, committed 65216K, reserved 1114112K
  class space    used 6739K, committed 7296K, reserved 1048576K
}
Event: 26.428 GC heap before
{Heap before GC invocations=43 (full 3):
 PSYoungGen      total 18944K, used 18476K [0x00000000eab00000, 0x00000000ec080000, 0x0000000100000000)
  eden space 15872K, 100% used [0x00000000eab00000,0x00000000eba80000,0x00000000eba80000)
  from space 3072K, 84% used [0x00000000eba80000,0x00000000ebd0b2e8,0x00000000ebd80000)
  to   space 3072K, 0% used [0x00000000ebd80000,0x00000000ebd80000,0x00000000ec080000)
 ParOldGen       total 68608K, used 59156K [0x00000000c0000000, 0x00000000c4300000, 0x00000000eab00000)
  object space 68608K, 86% used [0x00000000c0000000,0x00000000c39c5390,0x00000000c4300000)
 Metaspace       used 65191K, committed 66304K, reserved 1114112K
  class space    used 6840K, committed 7360K, reserved 1048576K
}
Event: 26.431 GC heap after
{Heap after GC invocations=43 (full 3):
 PSYoungGen      total 17920K, used 2048K [0x00000000eab00000, 0x00000000ebf80000, 0x0000000100000000)
  eden space 15872K, 0% used [0x00000000eab00000,0x00000000eab00000,0x00000000eba80000)
  from space 2048K, 100% used [0x00000000ebd80000,0x00000000ebf80000,0x00000000ebf80000)
  to   space 2560K, 0% used [0x00000000eba80000,0x00000000eba80000,0x00000000ebd00000)
 ParOldGen       total 68608K, used 61588K [0x00000000c0000000, 0x00000000c4300000, 0x00000000eab00000)
  object space 68608K, 89% used [0x00000000c0000000,0x00000000c3c25188,0x00000000c4300000)
 Metaspace       used 65191K, committed 66304K, reserved 1114112K
  class space    used 6840K, committed 7360K, reserved 1048576K
}
Event: 27.046 GC heap before
{Heap before GC invocations=44 (full 3):
 PSYoungGen      total 17920K, used 17920K [0x00000000eab00000, 0x00000000ebf80000, 0x0000000100000000)
  eden space 15872K, 100% used [0x00000000eab00000,0x00000000eba80000,0x00000000eba80000)
  from space 2048K, 100% used [0x00000000ebd80000,0x00000000ebf80000,0x00000000ebf80000)
  to   space 2560K, 0% used [0x00000000eba80000,0x00000000eba80000,0x00000000ebd00000)
 ParOldGen       total 68608K, used 61588K [0x00000000c0000000, 0x00000000c4300000, 0x00000000eab00000)
  object space 68608K, 89% used [0x00000000c0000000,0x00000000c3c25188,0x00000000c4300000)
 Metaspace       used 65311K, committed 66496K, reserved 1114112K
  class space    used 6840K, committed 7360K, reserved 1048576K
}
Event: 27.049 GC heap after
{Heap after GC invocations=44 (full 3):
 PSYoungGen      total 17920K, used 1568K [0x00000000eab00000, 0x00000000ebe80000, 0x0000000100000000)
  eden space 15872K, 0% used [0x00000000eab00000,0x00000000eab00000,0x00000000eba80000)
  from space 2048K, 76% used [0x00000000eba80000,0x00000000ebc08000,0x00000000ebc80000)
  to   space 2048K, 0% used [0x00000000ebc80000,0x00000000ebc80000,0x00000000ebe80000)
 ParOldGen       total 68608K, used 63423K [0x00000000c0000000, 0x00000000c4300000, 0x00000000eab00000)
  object space 68608K, 92% used [0x00000000c0000000,0x00000000c3defd18,0x00000000c4300000)
 Metaspace       used 65311K, committed 66496K, reserved 1114112K
  class space    used 6840K, committed 7360K, reserved 1048576K
}
Event: 27.247 GC heap before
{Heap before GC invocations=45 (full 3):
 PSYoungGen      total 17920K, used 17440K [0x00000000eab00000, 0x00000000ebe80000, 0x0000000100000000)
  eden space 15872K, 100% used [0x00000000eab00000,0x00000000eba80000,0x00000000eba80000)
  from space 2048K, 76% used [0x00000000eba80000,0x00000000ebc08000,0x00000000ebc80000)
  to   space 2048K, 0% used [0x00000000ebc80000,0x00000000ebc80000,0x00000000ebe80000)
 ParOldGen       total 68608K, used 63423K [0x00000000c0000000, 0x00000000c4300000, 0x00000000eab00000)
  object space 68608K, 92% used [0x00000000c0000000,0x00000000c3defd18,0x00000000c4300000)
 Metaspace       used 65543K, committed 66688K, reserved 1114112K
  class space    used 6852K, committed 7360K, reserved 1048576K
}
Event: 27.250 GC heap after
{Heap after GC invocations=45 (full 3):
 PSYoungGen      total 17408K, used 1056K [0x00000000eab00000, 0x00000000ebe00000, 0x0000000100000000)
  eden space 15872K, 0% used [0x00000000eab00000,0x00000000eab00000,0x00000000eba80000)
  from space 1536K, 68% used [0x00000000ebc80000,0x00000000ebd88000,0x00000000ebe00000)
  to   space 1536K, 0% used [0x00000000ebb00000,0x00000000ebb00000,0x00000000ebc80000)
 ParOldGen       total 68608K, used 64716K [0x00000000c0000000, 0x00000000c4300000, 0x00000000eab00000)
  object space 68608K, 94% used [0x00000000c0000000,0x00000000c3f33080,0x00000000c4300000)
 Metaspace       used 65543K, committed 66688K, reserved 1114112K
  class space    used 6852K, committed 7360K, reserved 1048576K
}
Event: 27.557 GC heap before
{Heap before GC invocations=46 (full 3):
 PSYoungGen      total 17408K, used 16922K [0x00000000eab00000, 0x00000000ebe00000, 0x0000000100000000)
  eden space 15872K, 99% used [0x00000000eab00000,0x00000000eba7ebb8,0x00000000eba80000)
  from space 1536K, 68% used [0x00000000ebc80000,0x00000000ebd88000,0x00000000ebe00000)
  to   space 1536K, 0% used [0x00000000ebb00000,0x00000000ebb00000,0x00000000ebc80000)
 ParOldGen       total 68608K, used 64716K [0x00000000c0000000, 0x00000000c4300000, 0x00000000eab00000)
  object space 68608K, 94% used [0x00000000c0000000,0x00000000c3f33080,0x00000000c4300000)
 Metaspace       used 65870K, committed 67008K, reserved 1114112K
  class space    used 6891K, committed 7424K, reserved 1048576K
}
Event: 27.559 GC heap after
{Heap after GC invocations=46 (full 3):
 PSYoungGen      total 17408K, used 1536K [0x00000000eab00000, 0x00000000ec080000, 0x0000000100000000)
  eden space 15872K, 0% used [0x00000000eab00000,0x00000000eab00000,0x00000000eba80000)
  from space 1536K, 100% used [0x00000000ebb00000,0x00000000ebc80000,0x00000000ebc80000)
  to   space 3072K, 0% used [0x00000000ebd80000,0x00000000ebd80000,0x00000000ec080000)
 ParOldGen       total 68608K, used 65781K [0x00000000c0000000, 0x00000000c4300000, 0x00000000eab00000)
  object space 68608K, 95% used [0x00000000c0000000,0x00000000c403d730,0x00000000c4300000)
 Metaspace       used 65870K, committed 67008K, reserved 1114112K
  class space    used 6891K, committed 7424K, reserved 1048576K
}
Event: 27.814 GC heap before
{Heap before GC invocations=47 (full 3):
 PSYoungGen      total 17408K, used 17408K [0x00000000eab00000, 0x00000000ec080000, 0x0000000100000000)
  eden space 15872K, 100% used [0x00000000eab00000,0x00000000eba80000,0x00000000eba80000)
  from space 1536K, 100% used [0x00000000ebb00000,0x00000000ebc80000,0x00000000ebc80000)
  to   space 3072K, 0% used [0x00000000ebd80000,0x00000000ebd80000,0x00000000ec080000)
 ParOldGen       total 68608K, used 65781K [0x00000000c0000000, 0x00000000c4300000, 0x00000000eab00000)
  object space 68608K, 95% used [0x00000000c0000000,0x00000000c403d730,0x00000000c4300000)
 Metaspace       used 66013K, committed 67200K, reserved 1114112K
  class space    used 6893K, committed 7424K, reserved 1048576K
}
Event: 27.817 GC heap after
{Heap after GC invocations=47 (full 3):
 PSYoungGen      total 17920K, used 1648K [0x00000000eab00000, 0x00000000ebf80000, 0x0000000100000000)
  eden space 15872K, 0% used [0x00000000eab00000,0x00000000eab00000,0x00000000eba80000)
  from space 2048K, 80% used [0x00000000ebd80000,0x00000000ebf1c010,0x00000000ebf80000)
  to   space 2048K, 0% used [0x00000000ebb80000,0x00000000ebb80000,0x00000000ebd80000)
 ParOldGen       total 68608K, used 66789K [0x00000000c0000000, 0x00000000c4300000, 0x00000000eab00000)
  object space 68608K, 97% used [0x00000000c0000000,0x00000000c4139740,0x00000000c4300000)
 Metaspace       used 66013K, committed 67200K, reserved 1114112K
  class space    used 6893K, committed 7424K, reserved 1048576K
}
Event: 28.124 GC heap before
{Heap before GC invocations=48 (full 3):
 PSYoungGen      total 17920K, used 17520K [0x00000000eab00000, 0x00000000ebf80000, 0x0000000100000000)
  eden space 15872K, 100% used [0x00000000eab00000,0x00000000eba80000,0x00000000eba80000)
  from space 2048K, 80% used [0x00000000ebd80000,0x00000000ebf1c010,0x00000000ebf80000)
  to   space 2048K, 0% used [0x00000000ebb80000,0x00000000ebb80000,0x00000000ebd80000)
 ParOldGen       total 68608K, used 66789K [0x00000000c0000000, 0x00000000c4300000, 0x00000000eab00000)
  object space 68608K, 97% used [0x00000000c0000000,0x00000000c4139740,0x00000000c4300000)
 Metaspace       used 66286K, committed 67456K, reserved 1114112K
  class space    used 6895K, committed 7424K, reserved 1048576K
}
Event: 28.126 GC heap after
{Heap after GC invocations=48 (full 3):
 PSYoungGen      total 17408K, used 1184K [0x00000000eab00000, 0x00000000ebe00000, 0x0000000100000000)
  eden space 15872K, 0% used [0x00000000eab00000,0x00000000eab00000,0x00000000eba80000)
  from space 1536K, 77% used [0x00000000ebb80000,0x00000000ebca8000,0x00000000ebd00000)
  to   space 1024K, 0% used [0x00000000ebd00000,0x00000000ebd00000,0x00000000ebe00000)
 ParOldGen       total 68608K, used 67893K [0x00000000c0000000, 0x00000000c4300000, 0x00000000eab00000)
  object space 68608K, 98% used [0x00000000c0000000,0x00000000c424d750,0x00000000c4300000)
 Metaspace       used 66286K, committed 67456K, reserved 1114112K
  class space    used 6895K, committed 7424K, reserved 1048576K
}
Event: 28.126 GC heap before
{Heap before GC invocations=49 (full 4):
 PSYoungGen      total 17408K, used 1184K [0x00000000eab00000, 0x00000000ebe00000, 0x0000000100000000)
  eden space 15872K, 0% used [0x00000000eab00000,0x00000000eab00000,0x00000000eba80000)
  from space 1536K, 77% used [0x00000000ebb80000,0x00000000ebca8000,0x00000000ebd00000)
  to   space 1024K, 0% used [0x00000000ebd00000,0x00000000ebd00000,0x00000000ebe00000)
 ParOldGen       total 68608K, used 67893K [0x00000000c0000000, 0x00000000c4300000, 0x00000000eab00000)
  object space 68608K, 98% used [0x00000000c0000000,0x00000000c424d750,0x00000000c4300000)
 Metaspace       used 66286K, committed 67456K, reserved 1114112K
  class space    used 6895K, committed 7424K, reserved 1048576K
}
Event: 28.217 GC heap after
{Heap after GC invocations=49 (full 4):
 PSYoungGen      total 16384K, used 0K [0x00000000eab00000, 0x00000000ebd80000, 0x0000000100000000)
  eden space 15872K, 0% used [0x00000000eab00000,0x00000000eab00000,0x00000000eba80000)
  from space 512K, 0% used [0x00000000ebd00000,0x00000000ebd00000,0x00000000ebd80000)
  to   space 1536K, 0% used [0x00000000eba80000,0x00000000eba80000,0x00000000ebc00000)
 ParOldGen       total 83456K, used 56963K [0x00000000c0000000, 0x00000000c5180000, 0x00000000eab00000)
  object space 83456K, 68% used [0x00000000c0000000,0x00000000c37a0fa8,0x00000000c5180000)
 Metaspace       used 66273K, committed 67456K, reserved 1114112K
  class space    used 6891K, committed 7424K, reserved 1048576K
}
Event: 28.617 GC heap before
{Heap before GC invocations=50 (full 4):
 PSYoungGen      total 16384K, used 15872K [0x00000000eab00000, 0x00000000ebd80000, 0x0000000100000000)
  eden space 15872K, 100% used [0x00000000eab00000,0x00000000eba80000,0x00000000eba80000)
  from space 512K, 0% used [0x00000000ebd00000,0x00000000ebd00000,0x00000000ebd80000)
  to   space 1536K, 0% used [0x00000000eba80000,0x00000000eba80000,0x00000000ebc00000)
 ParOldGen       total 83456K, used 56963K [0x00000000c0000000, 0x00000000c5180000, 0x00000000eab00000)
  object space 83456K, 68% used [0x00000000c0000000,0x00000000c37a0fa8,0x00000000c5180000)
 Metaspace       used 66459K, committed 67584K, reserved 1114112K
  class space    used 6918K, committed 7424K, reserved 1048576K
}
Event: 28.620 GC heap after
{Heap after GC invocations=50 (full 4):
 PSYoungGen      total 17408K, used 1088K [0x00000000eab00000, 0x00000000ebd80000, 0x0000000100000000)
  eden space 15872K, 0% used [0x00000000eab00000,0x00000000eab00000,0x00000000eba80000)
  from space 1536K, 70% used [0x00000000eba80000,0x00000000ebb90000,0x00000000ebc00000)
  to   space 1536K, 0% used [0x00000000ebc00000,0x00000000ebc00000,0x00000000ebd80000)
 ParOldGen       total 83456K, used 56971K [0x00000000c0000000, 0x00000000c5180000, 0x00000000eab00000)
  object space 83456K, 68% used [0x00000000c0000000,0x00000000c37a2fa8,0x00000000c5180000)
 Metaspace       used 66459K, committed 67584K, reserved 1114112K
  class space    used 6918K, committed 7424K, reserved 1048576K
}
Event: 29.268 GC heap before
{Heap before GC invocations=51 (full 4):
 PSYoungGen      total 17408K, used 16960K [0x00000000eab00000, 0x00000000ebd80000, 0x0000000100000000)
  eden space 15872K, 100% used [0x00000000eab00000,0x00000000eba80000,0x00000000eba80000)
  from space 1536K, 70% used [0x00000000eba80000,0x00000000ebb90000,0x00000000ebc00000)
  to   space 1536K, 0% used [0x00000000ebc00000,0x00000000ebc00000,0x00000000ebd80000)
 ParOldGen       total 83456K, used 56971K [0x00000000c0000000, 0x00000000c5180000, 0x00000000eab00000)
  object space 83456K, 68% used [0x00000000c0000000,0x00000000c37a2fa8,0x00000000c5180000)
 Metaspace       used 67070K, committed 68288K, reserved 1114112K
  class space    used 6981K, committed 7552K, reserved 1048576K
}
Event: 29.271 GC heap after
{Heap after GC invocations=51 (full 4):
 PSYoungGen      total 16384K, used 1536K [0x00000000eab00000, 0x00000000ebf80000, 0x0000000100000000)
  eden space 14848K, 0% used [0x00000000eab00000,0x00000000eab00000,0x00000000eb980000)
  from space 1536K, 100% used [0x00000000ebc00000,0x00000000ebd80000,0x00000000ebd80000)
  to   space 2560K, 0% used [0x00000000eb980000,0x00000000eb980000,0x00000000ebc00000)
 ParOldGen       total 83456K, used 57611K [0x00000000c0000000, 0x00000000c5180000, 0x00000000eab00000)
  object space 83456K, 69% used [0x00000000c0000000,0x00000000c3842fa8,0x00000000c5180000)
 Metaspace       used 67070K, committed 68288K, reserved 1114112K
  class space    used 6981K, committed 7552K, reserved 1048576K
}

